CRITICAL - 2023-12-04 18:40:12 --> Invalid file: "pages/.php"
in SYSTEMPATH\Exceptions\FrameworkException.php on line 39.
 1 SYSTEMPATH\View\View.php(216): CodeIgniter\Exceptions\FrameworkException::forInvalidFile('pages/.php')
 2 SYSTEMPATH\Common.php(1190): CodeIgniter\View\View->render('pages/', [], true)
 3 APPPATH\Controllers\Home.php(9): view('pages/')
 4 SYSTEMPATH\CodeIgniter.php(942): App\Controllers\Home->index()
 5 SYSTEMPATH\CodeIgniter.php(502): CodeIgniter\CodeIgniter->runController(Object(App\Controllers\Home))
 6 SYSTEMPATH\CodeIgniter.php(361): CodeIgniter\CodeIgniter->handleRequest(null, Object(Config\Cache), false)
 7 FCPATH\index.php(79): CodeIgniter\CodeIgniter->run()
CRITICAL - 2023-12-04 18:58:12 --> Undefined constant "App\Controllers\template"
in APPPATH\Controllers\Initial.php on line 12.
 1 SYSTEMPATH\CodeIgniter.php(942): App\Controllers\Initial->index()
 2 SYSTEMPATH\CodeIgniter.php(502): CodeIgniter\CodeIgniter->runController(Object(App\Controllers\Initial))
 3 SYSTEMPATH\CodeIgniter.php(361): CodeIgniter\CodeIgniter->handleRequest(null, Object(Config\Cache), false)
 4 FCPATH\index.php(79): CodeIgniter\CodeIgniter->run()
CRITICAL - 2023-12-04 18:59:12 --> include(template/cabecera.php): Failed to open stream: No such file or directory
in APPPATH\Views\pages\init.php on line 1.
 1 APPPATH\Views\pages\init.php(1): CodeIgniter\Debug\Exceptions->errorHandler(2, 'include(template/cabecera.php): Failed to open stream: No such file or directory', 'C:\\xampp1\\htdocs\\ci4\\app\\Views\\pages\\init.php', 1)
 2 APPPATH\Views\pages\init.php(1): include()
 3 SYSTEMPATH\View\View.php(228): include('C:\\xampp1\\htdocs\\ci4\\app\\Views\\pages\\init.php')
 4 SYSTEMPATH\View\View.php(231): CodeIgniter\View\View->CodeIgniter\View\{closure}()
 5 SYSTEMPATH\Common.php(1190): CodeIgniter\View\View->render('pages/init.php', [], true)
 6 APPPATH\Controllers\Initial.php(11): view('pages/init.php')
 7 SYSTEMPATH\CodeIgniter.php(942): App\Controllers\Initial->index()
 8 SYSTEMPATH\CodeIgniter.php(502): CodeIgniter\CodeIgniter->runController(Object(App\Controllers\Initial))
 9 SYSTEMPATH\CodeIgniter.php(361): CodeIgniter\CodeIgniter->handleRequest(null, Object(Config\Cache), false)
10 FCPATH\index.php(79): CodeIgniter\CodeIgniter->run()
CRITICAL - 2023-12-04 18:59:18 --> include(template/cabecera.php): Failed to open stream: No such file or directory
in APPPATH\Views\pages\init.php on line 1.
 1 APPPATH\Views\pages\init.php(1): CodeIgniter\Debug\Exceptions->errorHandler(2, 'include(template/cabecera.php): Failed to open stream: No such file or directory', 'C:\\xampp1\\htdocs\\ci4\\app\\Views\\pages\\init.php', 1)
 2 APPPATH\Views\pages\init.php(1): include()
 3 SYSTEMPATH\View\View.php(228): include('C:\\xampp1\\htdocs\\ci4\\app\\Views\\pages\\init.php')
 4 SYSTEMPATH\View\View.php(231): CodeIgniter\View\View->CodeIgniter\View\{closure}()
 5 SYSTEMPATH\Common.php(1190): CodeIgniter\View\View->render('pages/init.php', [], true)
 6 APPPATH\Controllers\Initial.php(11): view('pages/init.php')
 7 SYSTEMPATH\CodeIgniter.php(942): App\Controllers\Initial->index()
 8 SYSTEMPATH\CodeIgniter.php(502): CodeIgniter\CodeIgniter->runController(Object(App\Controllers\Initial))
 9 SYSTEMPATH\CodeIgniter.php(361): CodeIgniter\CodeIgniter->handleRequest(null, Object(Config\Cache), false)
10 FCPATH\index.php(79): CodeIgniter\CodeIgniter->run()
CRITICAL - 2023-12-04 19:06:09 --> Invalid file: "template/Cabecera.php"
in SYSTEMPATH\Exceptions\FrameworkException.php on line 39.
 1 SYSTEMPATH\View\View.php(216): CodeIgniter\Exceptions\FrameworkException::forInvalidFile('template/Cabecera.php')
 2 SYSTEMPATH\Common.php(1190): CodeIgniter\View\View->render('template/Cabecera', [], true)
 3 APPPATH\Controllers\Initial.php(12): view('template/Cabecera')
 4 SYSTEMPATH\CodeIgniter.php(942): App\Controllers\Initial->index()
 5 SYSTEMPATH\CodeIgniter.php(502): CodeIgniter\CodeIgniter->runController(Object(App\Controllers\Initial))
 6 SYSTEMPATH\CodeIgniter.php(361): CodeIgniter\CodeIgniter->handleRequest(null, Object(Config\Cache), false)
 7 FCPATH\index.php(79): CodeIgniter\CodeIgniter->run()
CRITICAL - 2023-12-04 19:08:39 --> Invalid file: "template/Cabecera.php"
in SYSTEMPATH\Exceptions\FrameworkException.php on line 39.
 1 SYSTEMPATH\View\View.php(216): CodeIgniter\Exceptions\FrameworkException::forInvalidFile('template/Cabecera.php')
 2 SYSTEMPATH\Common.php(1190): CodeIgniter\View\View->render('template/Cabecera.php', [], true)
 3 APPPATH\Controllers\Initial.php(12): view('template/Cabecera.php')
 4 SYSTEMPATH\CodeIgniter.php(942): App\Controllers\Initial->index()
 5 SYSTEMPATH\CodeIgniter.php(502): CodeIgniter\CodeIgniter->runController(Object(App\Controllers\Initial))
 6 SYSTEMPATH\CodeIgniter.php(361): CodeIgniter\CodeIgniter->handleRequest(null, Object(Config\Cache), false)
 7 FCPATH\index.php(79): CodeIgniter\CodeIgniter->run()
CRITICAL - 2023-12-04 19:08:40 --> Invalid file: "template/Cabecera.php"
in SYSTEMPATH\Exceptions\FrameworkException.php on line 39.
 1 SYSTEMPATH\View\View.php(216): CodeIgniter\Exceptions\FrameworkException::forInvalidFile('template/Cabecera.php')
 2 SYSTEMPATH\Common.php(1190): CodeIgniter\View\View->render('template/Cabecera.php', [], true)
 3 APPPATH\Controllers\Initial.php(12): view('template/Cabecera.php')
 4 SYSTEMPATH\CodeIgniter.php(942): App\Controllers\Initial->index()
 5 SYSTEMPATH\CodeIgniter.php(502): CodeIgniter\CodeIgniter->runController(Object(App\Controllers\Initial))
 6 SYSTEMPATH\CodeIgniter.php(361): CodeIgniter\CodeIgniter->handleRequest(null, Object(Config\Cache), false)
 7 FCPATH\index.php(79): CodeIgniter\CodeIgniter->run()
CRITICAL - 2023-12-04 19:08:40 --> Invalid file: "template/Cabecera.php"
in SYSTEMPATH\Exceptions\FrameworkException.php on line 39.
 1 SYSTEMPATH\View\View.php(216): CodeIgniter\Exceptions\FrameworkException::forInvalidFile('template/Cabecera.php')
 2 SYSTEMPATH\Common.php(1190): CodeIgniter\View\View->render('template/Cabecera.php', [], true)
 3 APPPATH\Controllers\Initial.php(12): view('template/Cabecera.php')
 4 SYSTEMPATH\CodeIgniter.php(942): App\Controllers\Initial->index()
 5 SYSTEMPATH\CodeIgniter.php(502): CodeIgniter\CodeIgniter->runController(Object(App\Controllers\Initial))
 6 SYSTEMPATH\CodeIgniter.php(361): CodeIgniter\CodeIgniter->handleRequest(null, Object(Config\Cache), false)
 7 FCPATH\index.php(79): CodeIgniter\CodeIgniter->run()
CRITICAL - 2023-12-04 19:08:40 --> Invalid file: "template/Cabecera.php"
in SYSTEMPATH\Exceptions\FrameworkException.php on line 39.
 1 SYSTEMPATH\View\View.php(216): CodeIgniter\Exceptions\FrameworkException::forInvalidFile('template/Cabecera.php')
 2 SYSTEMPATH\Common.php(1190): CodeIgniter\View\View->render('template/Cabecera.php', [], true)
 3 APPPATH\Controllers\Initial.php(12): view('template/Cabecera.php')
 4 SYSTEMPATH\CodeIgniter.php(942): App\Controllers\Initial->index()
 5 SYSTEMPATH\CodeIgniter.php(502): CodeIgniter\CodeIgniter->runController(Object(App\Controllers\Initial))
 6 SYSTEMPATH\CodeIgniter.php(361): CodeIgniter\CodeIgniter->handleRequest(null, Object(Config\Cache), false)
 7 FCPATH\index.php(79): CodeIgniter\CodeIgniter->run()
CRITICAL - 2023-12-04 19:08:40 --> Invalid file: "template/Cabecera.php"
in SYSTEMPATH\Exceptions\FrameworkException.php on line 39.
 1 SYSTEMPATH\View\View.php(216): CodeIgniter\Exceptions\FrameworkException::forInvalidFile('template/Cabecera.php')
 2 SYSTEMPATH\Common.php(1190): CodeIgniter\View\View->render('template/Cabecera.php', [], true)
 3 APPPATH\Controllers\Initial.php(12): view('template/Cabecera.php')
 4 SYSTEMPATH\CodeIgniter.php(942): App\Controllers\Initial->index()
 5 SYSTEMPATH\CodeIgniter.php(502): CodeIgniter\CodeIgniter->runController(Object(App\Controllers\Initial))
 6 SYSTEMPATH\CodeIgniter.php(361): CodeIgniter\CodeIgniter->handleRequest(null, Object(Config\Cache), false)
 7 FCPATH\index.php(79): CodeIgniter\CodeIgniter->run()
CRITICAL - 2023-12-04 19:08:40 --> Invalid file: "template/Cabecera.php"
in SYSTEMPATH\Exceptions\FrameworkException.php on line 39.
 1 SYSTEMPATH\View\View.php(216): CodeIgniter\Exceptions\FrameworkException::forInvalidFile('template/Cabecera.php')
 2 SYSTEMPATH\Common.php(1190): CodeIgniter\View\View->render('template/Cabecera.php', [], true)
 3 APPPATH\Controllers\Initial.php(12): view('template/Cabecera.php')
 4 SYSTEMPATH\CodeIgniter.php(942): App\Controllers\Initial->index()
 5 SYSTEMPATH\CodeIgniter.php(502): CodeIgniter\CodeIgniter->runController(Object(App\Controllers\Initial))
 6 SYSTEMPATH\CodeIgniter.php(361): CodeIgniter\CodeIgniter->handleRequest(null, Object(Config\Cache), false)
 7 FCPATH\index.php(79): CodeIgniter\CodeIgniter->run()
CRITICAL - 2023-12-04 19:08:41 --> Invalid file: "template/Cabecera.php"
in SYSTEMPATH\Exceptions\FrameworkException.php on line 39.
 1 SYSTEMPATH\View\View.php(216): CodeIgniter\Exceptions\FrameworkException::forInvalidFile('template/Cabecera.php')
 2 SYSTEMPATH\Common.php(1190): CodeIgniter\View\View->render('template/Cabecera.php', [], true)
 3 APPPATH\Controllers\Initial.php(12): view('template/Cabecera.php')
 4 SYSTEMPATH\CodeIgniter.php(942): App\Controllers\Initial->index()
 5 SYSTEMPATH\CodeIgniter.php(502): CodeIgniter\CodeIgniter->runController(Object(App\Controllers\Initial))
 6 SYSTEMPATH\CodeIgniter.php(361): CodeIgniter\CodeIgniter->handleRequest(null, Object(Config\Cache), false)
 7 FCPATH\index.php(79): CodeIgniter\CodeIgniter->run()
CRITICAL - 2023-12-04 19:08:41 --> Invalid file: "template/Cabecera.php"
in SYSTEMPATH\Exceptions\FrameworkException.php on line 39.
 1 SYSTEMPATH\View\View.php(216): CodeIgniter\Exceptions\FrameworkException::forInvalidFile('template/Cabecera.php')
 2 SYSTEMPATH\Common.php(1190): CodeIgniter\View\View->render('template/Cabecera.php', [], true)
 3 APPPATH\Controllers\Initial.php(12): view('template/Cabecera.php')
 4 SYSTEMPATH\CodeIgniter.php(942): App\Controllers\Initial->index()
 5 SYSTEMPATH\CodeIgniter.php(502): CodeIgniter\CodeIgniter->runController(Object(App\Controllers\Initial))
 6 SYSTEMPATH\CodeIgniter.php(361): CodeIgniter\CodeIgniter->handleRequest(null, Object(Config\Cache), false)
 7 FCPATH\index.php(79): CodeIgniter\CodeIgniter->run()
CRITICAL - 2023-12-04 19:09:29 --> Invalid file: "template/Cabecera.php"
in SYSTEMPATH\Exceptions\FrameworkException.php on line 39.
 1 SYSTEMPATH\View\View.php(216): CodeIgniter\Exceptions\FrameworkException::forInvalidFile('template/Cabecera.php')
 2 SYSTEMPATH\Common.php(1190): CodeIgniter\View\View->render('template/Cabecera', [], true)
 3 APPPATH\Controllers\Initial.php(12): view('template/Cabecera')
 4 SYSTEMPATH\CodeIgniter.php(942): App\Controllers\Initial->index()
 5 SYSTEMPATH\CodeIgniter.php(502): CodeIgniter\CodeIgniter->runController(Object(App\Controllers\Initial))
 6 SYSTEMPATH\CodeIgniter.php(361): CodeIgniter\CodeIgniter->handleRequest(null, Object(Config\Cache), false)
 7 FCPATH\index.php(79): CodeIgniter\CodeIgniter->run()
CRITICAL - 2023-12-04 19:09:30 --> Invalid file: "template/Cabecera.php"
in SYSTEMPATH\Exceptions\FrameworkException.php on line 39.
 1 SYSTEMPATH\View\View.php(216): CodeIgniter\Exceptions\FrameworkException::forInvalidFile('template/Cabecera.php')
 2 SYSTEMPATH\Common.php(1190): CodeIgniter\View\View->render('template/Cabecera', [], true)
 3 APPPATH\Controllers\Initial.php(12): view('template/Cabecera')
 4 SYSTEMPATH\CodeIgniter.php(942): App\Controllers\Initial->index()
 5 SYSTEMPATH\CodeIgniter.php(502): CodeIgniter\CodeIgniter->runController(Object(App\Controllers\Initial))
 6 SYSTEMPATH\CodeIgniter.php(361): CodeIgniter\CodeIgniter->handleRequest(null, Object(Config\Cache), false)
 7 FCPATH\index.php(79): CodeIgniter\CodeIgniter->run()
CRITICAL - 2023-12-04 19:09:30 --> Invalid file: "template/Cabecera.php"
in SYSTEMPATH\Exceptions\FrameworkException.php on line 39.
 1 SYSTEMPATH\View\View.php(216): CodeIgniter\Exceptions\FrameworkException::forInvalidFile('template/Cabecera.php')
 2 SYSTEMPATH\Common.php(1190): CodeIgniter\View\View->render('template/Cabecera', [], true)
 3 APPPATH\Controllers\Initial.php(12): view('template/Cabecera')
 4 SYSTEMPATH\CodeIgniter.php(942): App\Controllers\Initial->index()
 5 SYSTEMPATH\CodeIgniter.php(502): CodeIgniter\CodeIgniter->runController(Object(App\Controllers\Initial))
 6 SYSTEMPATH\CodeIgniter.php(361): CodeIgniter\CodeIgniter->handleRequest(null, Object(Config\Cache), false)
 7 FCPATH\index.php(79): CodeIgniter\CodeIgniter->run()
CRITICAL - 2023-12-04 19:09:30 --> Invalid file: "template/Cabecera.php"
in SYSTEMPATH\Exceptions\FrameworkException.php on line 39.
 1 SYSTEMPATH\View\View.php(216): CodeIgniter\Exceptions\FrameworkException::forInvalidFile('template/Cabecera.php')
 2 SYSTEMPATH\Common.php(1190): CodeIgniter\View\View->render('template/Cabecera', [], true)
 3 APPPATH\Controllers\Initial.php(12): view('template/Cabecera')
 4 SYSTEMPATH\CodeIgniter.php(942): App\Controllers\Initial->index()
 5 SYSTEMPATH\CodeIgniter.php(502): CodeIgniter\CodeIgniter->runController(Object(App\Controllers\Initial))
 6 SYSTEMPATH\CodeIgniter.php(361): CodeIgniter\CodeIgniter->handleRequest(null, Object(Config\Cache), false)
 7 FCPATH\index.php(79): CodeIgniter\CodeIgniter->run()
CRITICAL - 2023-12-04 19:09:30 --> Invalid file: "template/Cabecera.php"
in SYSTEMPATH\Exceptions\FrameworkException.php on line 39.
 1 SYSTEMPATH\View\View.php(216): CodeIgniter\Exceptions\FrameworkException::forInvalidFile('template/Cabecera.php')
 2 SYSTEMPATH\Common.php(1190): CodeIgniter\View\View->render('template/Cabecera', [], true)
 3 APPPATH\Controllers\Initial.php(12): view('template/Cabecera')
 4 SYSTEMPATH\CodeIgniter.php(942): App\Controllers\Initial->index()
 5 SYSTEMPATH\CodeIgniter.php(502): CodeIgniter\CodeIgniter->runController(Object(App\Controllers\Initial))
 6 SYSTEMPATH\CodeIgniter.php(361): CodeIgniter\CodeIgniter->handleRequest(null, Object(Config\Cache), false)
 7 FCPATH\index.php(79): CodeIgniter\CodeIgniter->run()
CRITICAL - 2023-12-04 19:09:30 --> Invalid file: "template/Cabecera.php"
in SYSTEMPATH\Exceptions\FrameworkException.php on line 39.
 1 SYSTEMPATH\View\View.php(216): CodeIgniter\Exceptions\FrameworkException::forInvalidFile('template/Cabecera.php')
 2 SYSTEMPATH\Common.php(1190): CodeIgniter\View\View->render('template/Cabecera', [], true)
 3 APPPATH\Controllers\Initial.php(12): view('template/Cabecera')
 4 SYSTEMPATH\CodeIgniter.php(942): App\Controllers\Initial->index()
 5 SYSTEMPATH\CodeIgniter.php(502): CodeIgniter\CodeIgniter->runController(Object(App\Controllers\Initial))
 6 SYSTEMPATH\CodeIgniter.php(361): CodeIgniter\CodeIgniter->handleRequest(null, Object(Config\Cache), false)
 7 FCPATH\index.php(79): CodeIgniter\CodeIgniter->run()
CRITICAL - 2023-12-04 19:09:31 --> Invalid file: "template/Cabecera.php"
in SYSTEMPATH\Exceptions\FrameworkException.php on line 39.
 1 SYSTEMPATH\View\View.php(216): CodeIgniter\Exceptions\FrameworkException::forInvalidFile('template/Cabecera.php')
 2 SYSTEMPATH\Common.php(1190): CodeIgniter\View\View->render('template/Cabecera', [], true)
 3 APPPATH\Controllers\Initial.php(12): view('template/Cabecera')
 4 SYSTEMPATH\CodeIgniter.php(942): App\Controllers\Initial->index()
 5 SYSTEMPATH\CodeIgniter.php(502): CodeIgniter\CodeIgniter->runController(Object(App\Controllers\Initial))
 6 SYSTEMPATH\CodeIgniter.php(361): CodeIgniter\CodeIgniter->handleRequest(null, Object(Config\Cache), false)
 7 FCPATH\index.php(79): CodeIgniter\CodeIgniter->run()
CRITICAL - 2023-12-04 19:09:31 --> Invalid file: "template/Cabecera.php"
in SYSTEMPATH\Exceptions\FrameworkException.php on line 39.
 1 SYSTEMPATH\View\View.php(216): CodeIgniter\Exceptions\FrameworkException::forInvalidFile('template/Cabecera.php')
 2 SYSTEMPATH\Common.php(1190): CodeIgniter\View\View->render('template/Cabecera', [], true)
 3 APPPATH\Controllers\Initial.php(12): view('template/Cabecera')
 4 SYSTEMPATH\CodeIgniter.php(942): App\Controllers\Initial->index()
 5 SYSTEMPATH\CodeIgniter.php(502): CodeIgniter\CodeIgniter->runController(Object(App\Controllers\Initial))
 6 SYSTEMPATH\CodeIgniter.php(361): CodeIgniter\CodeIgniter->handleRequest(null, Object(Config\Cache), false)
 7 FCPATH\index.php(79): CodeIgniter\CodeIgniter->run()
CRITICAL - 2023-12-04 19:09:31 --> Invalid file: "template/Cabecera.php"
in SYSTEMPATH\Exceptions\FrameworkException.php on line 39.
 1 SYSTEMPATH\View\View.php(216): CodeIgniter\Exceptions\FrameworkException::forInvalidFile('template/Cabecera.php')
 2 SYSTEMPATH\Common.php(1190): CodeIgniter\View\View->render('template/Cabecera', [], true)
 3 APPPATH\Controllers\Initial.php(12): view('template/Cabecera')
 4 SYSTEMPATH\CodeIgniter.php(942): App\Controllers\Initial->index()
 5 SYSTEMPATH\CodeIgniter.php(502): CodeIgniter\CodeIgniter->runController(Object(App\Controllers\Initial))
 6 SYSTEMPATH\CodeIgniter.php(361): CodeIgniter\CodeIgniter->handleRequest(null, Object(Config\Cache), false)
 7 FCPATH\index.php(79): CodeIgniter\CodeIgniter->run()
CRITICAL - 2023-12-04 19:34:32 --> Invalid file: "template/Cabecera.php"
in SYSTEMPATH\Exceptions\FrameworkException.php on line 39.
 1 SYSTEMPATH\View\View.php(216): CodeIgniter\Exceptions\FrameworkException::forInvalidFile('template/Cabecera.php')
 2 SYSTEMPATH\Common.php(1190): CodeIgniter\View\View->render('template/Cabecera', [], true)
 3 APPPATH\Controllers\Initial.php(12): view('template/Cabecera')
 4 SYSTEMPATH\CodeIgniter.php(942): App\Controllers\Initial->index()
 5 SYSTEMPATH\CodeIgniter.php(502): CodeIgniter\CodeIgniter->runController(Object(App\Controllers\Initial))
 6 SYSTEMPATH\CodeIgniter.php(361): CodeIgniter\CodeIgniter->handleRequest(null, Object(Config\Cache), false)
 7 FCPATH\index.php(79): CodeIgniter\CodeIgniter->run()
CRITICAL - 2023-12-04 19:39:33 --> Invalid file: "template/Cabecera.php"
in SYSTEMPATH\Exceptions\FrameworkException.php on line 39.
 1 SYSTEMPATH\View\View.php(216): CodeIgniter\Exceptions\FrameworkException::forInvalidFile('template/Cabecera.php')
 2 SYSTEMPATH\Common.php(1190): CodeIgniter\View\View->render('template/Cabecera', [], true)
 3 APPPATH\Controllers\Initial.php(12): view('template/Cabecera')
 4 SYSTEMPATH\CodeIgniter.php(942): App\Controllers\Initial->index()
 5 SYSTEMPATH\CodeIgniter.php(502): CodeIgniter\CodeIgniter->runController(Object(App\Controllers\Initial))
 6 SYSTEMPATH\CodeIgniter.php(361): CodeIgniter\CodeIgniter->handleRequest(null, Object(Config\Cache), false)
 7 FCPATH\index.php(79): CodeIgniter\CodeIgniter->run()
CRITICAL - 2023-12-04 19:51:01 --> Invalid file: "pages/.php"
in SYSTEMPATH\Exceptions\FrameworkException.php on line 39.
 1 SYSTEMPATH\View\View.php(216): CodeIgniter\Exceptions\FrameworkException::forInvalidFile('pages/.php')
 2 SYSTEMPATH\Common.php(1190): CodeIgniter\View\View->render('pages/', [], true)
 3 APPPATH\Controllers\Home.php(9): view('pages/')
 4 SYSTEMPATH\CodeIgniter.php(942): App\Controllers\Home->index()
 5 SYSTEMPATH\CodeIgniter.php(502): CodeIgniter\CodeIgniter->runController(Object(App\Controllers\Home))
 6 SYSTEMPATH\CodeIgniter.php(361): CodeIgniter\CodeIgniter->handleRequest(null, Object(Config\Cache), false)
 7 FCPATH\index.php(79): CodeIgniter\CodeIgniter->run()
CRITICAL - 2023-12-04 19:51:23 --> Invalid file: "template/Cabecera.php"
in SYSTEMPATH\Exceptions\FrameworkException.php on line 39.
 1 SYSTEMPATH\View\View.php(216): CodeIgniter\Exceptions\FrameworkException::forInvalidFile('template/Cabecera.php')
 2 SYSTEMPATH\Common.php(1190): CodeIgniter\View\View->render('template/Cabecera', [], true)
 3 APPPATH\Controllers\Initial.php(11): view('template/Cabecera')
 4 SYSTEMPATH\CodeIgniter.php(942): App\Controllers\Initial->index()
 5 SYSTEMPATH\CodeIgniter.php(502): CodeIgniter\CodeIgniter->runController(Object(App\Controllers\Initial))
 6 SYSTEMPATH\CodeIgniter.php(361): CodeIgniter\CodeIgniter->handleRequest(null, Object(Config\Cache), false)
 7 FCPATH\index.php(79): CodeIgniter\CodeIgniter->run()
CRITICAL - 2023-12-04 22:10:23 --> Undefined variable $cabecera
in APPPATH\Views\pages\perfil.php on line 1.
 1 APPPATH\Views\pages\perfil.php(1): CodeIgniter\Debug\Exceptions->errorHandler(2, 'Undefined variable $cabecera', 'C:\\xampp1\\htdocs\\ci4\\app\\Views\\pages\\perfil.php', 1)
 2 SYSTEMPATH\View\View.php(228): include('C:\\xampp1\\htdocs\\ci4\\app\\Views\\pages\\perfil.php')
 3 SYSTEMPATH\View\View.php(231): CodeIgniter\View\View->CodeIgniter\View\{closure}()
 4 SYSTEMPATH\Common.php(1190): CodeIgniter\View\View->render('pages/perfil.php', [], true)
 5 APPPATH\Controllers\Profile.php(10): view('pages/perfil.php')
 6 SYSTEMPATH\CodeIgniter.php(942): App\Controllers\Profile->index()
 7 SYSTEMPATH\CodeIgniter.php(502): CodeIgniter\CodeIgniter->runController(Object(App\Controllers\Profile))
 8 SYSTEMPATH\CodeIgniter.php(361): CodeIgniter\CodeIgniter->handleRequest(null, Object(Config\Cache), false)
 9 FCPATH\index.php(79): CodeIgniter\CodeIgniter->run()
CRITICAL - 2023-12-04 22:10:30 --> Undefined variable $cabecera
in APPPATH\Views\pages\perfil.php on line 1.
 1 APPPATH\Views\pages\perfil.php(1): CodeIgniter\Debug\Exceptions->errorHandler(2, 'Undefined variable $cabecera', 'C:\\xampp1\\htdocs\\ci4\\app\\Views\\pages\\perfil.php', 1)
 2 SYSTEMPATH\View\View.php(228): include('C:\\xampp1\\htdocs\\ci4\\app\\Views\\pages\\perfil.php')
 3 SYSTEMPATH\View\View.php(231): CodeIgniter\View\View->CodeIgniter\View\{closure}()
 4 SYSTEMPATH\Common.php(1190): CodeIgniter\View\View->render('pages/perfil.php', [], true)
 5 APPPATH\Controllers\Profile.php(10): view('pages/perfil.php')
 6 SYSTEMPATH\CodeIgniter.php(942): App\Controllers\Profile->index()
 7 SYSTEMPATH\CodeIgniter.php(502): CodeIgniter\CodeIgniter->runController(Object(App\Controllers\Profile))
 8 SYSTEMPATH\CodeIgniter.php(361): CodeIgniter\CodeIgniter->handleRequest(null, Object(Config\Cache), false)
 9 FCPATH\index.php(79): CodeIgniter\CodeIgniter->run()
CRITICAL - 2023-12-04 22:10:33 --> Undefined variable $cabecera
in APPPATH\Views\pages\comunidades.php on line 1.
 1 APPPATH\Views\pages\comunidades.php(1): CodeIgniter\Debug\Exceptions->errorHandler(2, 'Undefined variable $cabecera', 'C:\\xampp1\\htdocs\\ci4\\app\\Views\\pages\\comunidades.php', 1)
 2 SYSTEMPATH\View\View.php(228): include('C:\\xampp1\\htdocs\\ci4\\app\\Views\\pages\\comunidades.php')
 3 SYSTEMPATH\View\View.php(231): CodeIgniter\View\View->CodeIgniter\View\{closure}()
 4 SYSTEMPATH\Common.php(1190): CodeIgniter\View\View->render('pages/comunidades.php', [], true)
 5 APPPATH\Controllers\Community.php(10): view('pages/comunidades.php')
 6 SYSTEMPATH\CodeIgniter.php(942): App\Controllers\Community->index()
 7 SYSTEMPATH\CodeIgniter.php(502): CodeIgniter\CodeIgniter->runController(Object(App\Controllers\Community))
 8 SYSTEMPATH\CodeIgniter.php(361): CodeIgniter\CodeIgniter->handleRequest(null, Object(Config\Cache), false)
 9 FCPATH\index.php(79): CodeIgniter\CodeIgniter->run()
CRITICAL - 2023-12-04 22:10:38 --> Undefined variable $cabecera
in APPPATH\Views\pages\comunidades.php on line 1.
 1 APPPATH\Views\pages\comunidades.php(1): CodeIgniter\Debug\Exceptions->errorHandler(2, 'Undefined variable $cabecera', 'C:\\xampp1\\htdocs\\ci4\\app\\Views\\pages\\comunidades.php', 1)
 2 SYSTEMPATH\View\View.php(228): include('C:\\xampp1\\htdocs\\ci4\\app\\Views\\pages\\comunidades.php')
 3 SYSTEMPATH\View\View.php(231): CodeIgniter\View\View->CodeIgniter\View\{closure}()
 4 SYSTEMPATH\Common.php(1190): CodeIgniter\View\View->render('pages/comunidades.php', [], true)
 5 APPPATH\Controllers\Community.php(10): view('pages/comunidades.php')
 6 SYSTEMPATH\CodeIgniter.php(942): App\Controllers\Community->index()
 7 SYSTEMPATH\CodeIgniter.php(502): CodeIgniter\CodeIgniter->runController(Object(App\Controllers\Community))
 8 SYSTEMPATH\CodeIgniter.php(361): CodeIgniter\CodeIgniter->handleRequest(null, Object(Config\Cache), false)
 9 FCPATH\index.php(79): CodeIgniter\CodeIgniter->run()
CRITICAL - 2023-12-04 22:10:39 --> Undefined variable $cabecera
in APPPATH\Views\pages\comunidades.php on line 1.
 1 APPPATH\Views\pages\comunidades.php(1): CodeIgniter\Debug\Exceptions->errorHandler(2, 'Undefined variable $cabecera', 'C:\\xampp1\\htdocs\\ci4\\app\\Views\\pages\\comunidades.php', 1)
 2 SYSTEMPATH\View\View.php(228): include('C:\\xampp1\\htdocs\\ci4\\app\\Views\\pages\\comunidades.php')
 3 SYSTEMPATH\View\View.php(231): CodeIgniter\View\View->CodeIgniter\View\{closure}()
 4 SYSTEMPATH\Common.php(1190): CodeIgniter\View\View->render('pages/comunidades.php', [], true)
 5 APPPATH\Controllers\Community.php(10): view('pages/comunidades.php')
 6 SYSTEMPATH\CodeIgniter.php(942): App\Controllers\Community->index()
 7 SYSTEMPATH\CodeIgniter.php(502): CodeIgniter\CodeIgniter->runController(Object(App\Controllers\Community))
 8 SYSTEMPATH\CodeIgniter.php(361): CodeIgniter\CodeIgniter->handleRequest(null, Object(Config\Cache), false)
 9 FCPATH\index.php(79): CodeIgniter\CodeIgniter->run()
CRITICAL - 2023-12-04 22:10:39 --> Undefined variable $cabecera
in APPPATH\Views\pages\comunidades.php on line 1.
 1 APPPATH\Views\pages\comunidades.php(1): CodeIgniter\Debug\Exceptions->errorHandler(2, 'Undefined variable $cabecera', 'C:\\xampp1\\htdocs\\ci4\\app\\Views\\pages\\comunidades.php', 1)
 2 SYSTEMPATH\View\View.php(228): include('C:\\xampp1\\htdocs\\ci4\\app\\Views\\pages\\comunidades.php')
 3 SYSTEMPATH\View\View.php(231): CodeIgniter\View\View->CodeIgniter\View\{closure}()
 4 SYSTEMPATH\Common.php(1190): CodeIgniter\View\View->render('pages/comunidades.php', [], true)
 5 APPPATH\Controllers\Community.php(10): view('pages/comunidades.php')
 6 SYSTEMPATH\CodeIgniter.php(942): App\Controllers\Community->index()
 7 SYSTEMPATH\CodeIgniter.php(502): CodeIgniter\CodeIgniter->runController(Object(App\Controllers\Community))
 8 SYSTEMPATH\CodeIgniter.php(361): CodeIgniter\CodeIgniter->handleRequest(null, Object(Config\Cache), false)
 9 FCPATH\index.php(79): CodeIgniter\CodeIgniter->run()
CRITICAL - 2023-12-04 22:10:46 --> Undefined variable $cabecera
in APPPATH\Views\pages\comunidades.php on line 1.
 1 APPPATH\Views\pages\comunidades.php(1): CodeIgniter\Debug\Exceptions->errorHandler(2, 'Undefined variable $cabecera', 'C:\\xampp1\\htdocs\\ci4\\app\\Views\\pages\\comunidades.php', 1)
 2 SYSTEMPATH\View\View.php(228): include('C:\\xampp1\\htdocs\\ci4\\app\\Views\\pages\\comunidades.php')
 3 SYSTEMPATH\View\View.php(231): CodeIgniter\View\View->CodeIgniter\View\{closure}()
 4 SYSTEMPATH\Common.php(1190): CodeIgniter\View\View->render('pages/comunidades.php', [], true)
 5 APPPATH\Controllers\Community.php(10): view('pages/comunidades.php')
 6 SYSTEMPATH\CodeIgniter.php(942): App\Controllers\Community->index()
 7 SYSTEMPATH\CodeIgniter.php(502): CodeIgniter\CodeIgniter->runController(Object(App\Controllers\Community))
 8 SYSTEMPATH\CodeIgniter.php(361): CodeIgniter\CodeIgniter->handleRequest(null, Object(Config\Cache), false)
 9 FCPATH\index.php(79): CodeIgniter\CodeIgniter->run()
